Arguments: 
  C:\Program Files\nodejs\node.exe C:\Program Files\Yarn\bin\yarn.js add axios

PATH: 
  C:\Windows\system32;C:\Windows;C:\Windows\System32\Wbem;C:\Windows\System32\WindowsPowerShell\v1.0\;C:\Program Files\nodejs\;C:\Program Files\Yarn\bin\;;C:\Users\Qbex\AppData\Local\Programs\Microsoft VS Code\bin;C:\Users\Qbex\AppData\Roaming\npm;C:\Users\Qbex\AppData\Local\Yarn\bin

Yarn version: 
  1.17.3

Node version: 
  10.16.2

Platform: 
  win32 ia32

Trace: 
  Error: https://registry.yarnpkg.com/rxjs/-/rxjs-6.5.2.tgz: ESOCKETTIMEDOUT
      at ClientRequest.<anonymous> (C:\Program Files\Yarn\lib\cli.js:141091:19)
      at Object.onceWrapper (events.js:286:20)
      at ClientRequest.emit (events.js:198:13)
      at TLSSocket.emitRequestTimeout (_http_client.js:662:40)
      at Object.onceWrapper (events.js:286:20)
      at TLSSocket.emit (events.js:198:13)
      at TLSSocket.Socket._onTimeout (net.js:442:8)
      at ontimeout (timers.js:436:11)
      at tryOnTimeout (timers.js:300:5)
      at listOnTimeout (timers.js:263:5)

npm manifest: 
  {
    "name": "todo",
    "version": "0.1.0",
    "private": true,
    "dependencies": {
      "react": "^16.9.0",
      "react-dom": "^16.9.0",
      "react-scripts": "3.1.0"
    },
    "scripts": {
      "start": "react-scripts start",
      "build": "react-scripts build",
      "test": "react-scripts test",
      "eject": "react-scripts eject"
    },
    "eslintConfig": {
      "extends": "react-app"
    },
    "browserslist": {
      "production": [
        ">0.2%",
        "not dead",
        "not op_mini all"
      ],
      "development": [
        "last 1 chrome version",
        "last 1 firefox version",
        "last 1 safari version"
      ]
    }
  }

yarn manifest: 
  No manifest

Lockfile: 
  No lockfile
